<?xml version="1.0" encoding="UTF-8"?>
<!-- Generated by org.testng.reporters.JUnitReportReporter -->
<testsuite ignored="0" hostname="LAPTOP-6IC50N8N" failures="0" tests="1" name="com.course.cases.AddUserTest" time="0.000" errors="0" timestamp="16 May 2022 16:21:44 GMT" skipped="1">
  <testcase classname="com.course.cases.AddUserTest" name="addUser" time="0.000">
    <skipped/>
  </testcase> <!-- addUser -->
</testsuite> <!-- com.course.cases.AddUserTest -->
